app/build/intermediates/manifest_merge_blame_file/debug/processDebugMainManifest/manifest-merger-blame-debug-report.txt
1<?xml version="1.0" encoding="utf-8"?>
2<manifest xmlns:android="http://schemas.android.com/apk/res/android"
3    package="com.localorderai"
4    android:versionCode="1"
5    android:versionName="1.0" >
6
7    <uses-sdk
8        android:minSdkVersion="29"
9        android:targetSdkVersion="34" />
10
11    <uses-permission android:name="android.permission.CALL_PHONE" />
11-->src/main/AndroidManifest.xml:4:5-69
11-->src/main/AndroidManifest.xml:4:22-66
12    <uses-permission android:name="android.permission.RECORD_AUDIO" />
12-->src/main/AndroidManifest.xml:5:5-71
12-->src/main/AndroidManifest.xml:5:22-68
13    <uses-permission android:name="android.permission.INTERNET" />
13-->src/main/AndroidManifest.xml:6:5-67
13-->src/main/AndroidManifest.xml:6:22-64
14    <uses-permission android:name="android.permission.POST_NOTIFICATIONS" />
14-->src/main/AndroidManifest.xml:7:5-77
14-->src/main/AndroidManifest.xml:7:22-74
15    <uses-permission android:name="android.permission.FOREGROUND_SERVICE" />
15-->src/main/AndroidManifest.xml:8:5-77
15-->src/main/AndroidManifest.xml:8:22-74
16    <uses-permission android:name="android.permission.FOREGROUND_SERVICE_DATA_SYNC" />
16-->src/main/AndroidManifest.xml:9:5-87
16-->src/main/AndroidManifest.xml:9:22-84
17    <uses-permission android:name="android.permission.MODIFY_AUDIO_SETTINGS" />
17-->src/main/AndroidManifest.xml:10:5-80
17-->src/main/AndroidManifest.xml:10:22-77
18    <uses-permission android:name="android.permission.READ_PHONE_STATE" />
18-->src/main/AndroidManifest.xml:11:5-75
18-->src/main/AndroidManifest.xml:11:22-72
19    <uses-permission android:name="android.permission.SYSTEM_ALERT_WINDOW" />
19-->src/main/AndroidManifest.xml:12:5-78
19-->src/main/AndroidManifest.xml:12:22-75
20
21    <queries>
21-->src/main/AndroidManifest.xml:14:5-21:15
22        <intent>
22-->src/main/AndroidManifest.xml:15:9-17:18
23            <action android:name="android.intent.action.CALL" />
23-->src/main/AndroidManifest.xml:16:13-65
23-->src/main/AndroidManifest.xml:16:21-62
24        </intent>
25        <intent>
25-->src/main/AndroidManifest.xml:18:9-20:18
26            <action android:name="android.intent.action.DIAL" />
26-->src/main/AndroidManifest.xml:19:13-65
26-->src/main/AndroidManifest.xml:19:21-62
27        </intent>
28    </queries>
29
30    <permission
30-->[androidx.core:core:1.13.1] AndroidManifest.xml:22:5-24:47
31        android:name="com.localorderai.DYNAMIC_RECEIVER_NOT_EXPORTED_PERMISSION"
31-->[androidx.core:core:1.13.1] AndroidManifest.xml:23:9-81
32        android:protectionLevel="signature" />
32-->[androidx.core:core:1.13.1] AndroidManifest.xml:24:9-44
33
34    <uses-permission android:name="com.localorderai.DYNAMIC_RECEIVER_NOT_EXPORTED_PERMISSION" />
34-->[androidx.core:core:1.13.1] AndroidManifest.xml:26:5-97
34-->[androidx.core:core:1.13.1] AndroidManifest.xml:26:22-94
35
36    <application
36-->src/main/AndroidManifest.xml:23:5-85:19
37        android:name="com.localorderai.LocalOrderAiApp"
37-->src/main/AndroidManifest.xml:24:9-40
38        android:allowBackup="false"
38-->src/main/AndroidManifest.xml:27:9-36
39        android:appComponentFactory="androidx.core.app.CoreComponentFactory"
39-->[androidx.core:core:1.13.1] AndroidManifest.xml:28:18-86
40        android:debuggable="true"
41        android:extractNativeLibs="false"
42        android:icon="@mipmap/ic_launcher"
42-->src/main/AndroidManifest.xml:26:9-43
43        android:label="LocalOrderAI PRO"
43-->src/main/AndroidManifest.xml:25:9-41
44        android:supportsRtl="true"
44-->src/main/AndroidManifest.xml:28:9-35
45        android:theme="@style/Theme.LocalOrderAI" >
45-->src/main/AndroidManifest.xml:29:9-50
46        <activity
46-->src/main/AndroidManifest.xml:31:9-38:20
47            android:name="com.localorderai.ui.MainActivity"
47-->src/main/AndroidManifest.xml:32:13-44
48            android:exported="true" >
48-->src/main/AndroidManifest.xml:33:13-36
49            <intent-filter>
49-->src/main/AndroidManifest.xml:34:13-37:29
50                <action android:name="android.intent.action.MAIN" />
50-->src/main/AndroidManifest.xml:35:17-69
50-->src/main/AndroidManifest.xml:35:25-66
51
52                <category android:name="android.intent.category.LAUNCHER" />
52-->src/main/AndroidManifest.xml:36:17-77
52-->src/main/AndroidManifest.xml:36:27-74
53            </intent-filter>
54        </activity>
55        <activity
55-->src/main/AndroidManifest.xml:40:9-46:40
56            android:name="com.localorderai.ui.AutoCallLauncherActivity"
56-->src/main/AndroidManifest.xml:41:13-56
57            android:excludeFromRecents="true"
57-->src/main/AndroidManifest.xml:45:13-46
58            android:exported="false"
58-->src/main/AndroidManifest.xml:42:13-37
59            android:launchMode="singleInstance"
59-->src/main/AndroidManifest.xml:44:13-48
60            android:noHistory="true"
60-->src/main/AndroidManifest.xml:46:13-37
61            android:theme="@android:style/Theme.Translucent.NoTitleBar" />
61-->src/main/AndroidManifest.xml:43:13-72
62
63        <service
63-->src/main/AndroidManifest.xml:48:9-51:56
64            android:name="com.localorderai.services.CampaignForegroundService"
64-->src/main/AndroidManifest.xml:49:13-63
65            android:exported="false"
65-->src/main/AndroidManifest.xml:50:13-37
66            android:foregroundServiceType="dataSync" />
66-->src/main/AndroidManifest.xml:51:13-53
67        <service
67-->src/main/AndroidManifest.xml:53:9-55:40
68            android:name="com.localorderai.services.OverlayBubbleService"
68-->src/main/AndroidManifest.xml:54:13-58
69            android:exported="false" />
69-->src/main/AndroidManifest.xml:55:13-37
70
71        <!--
72            OrderInCallService: محتاج المستخدم يختار التطبيق كـ
73            "Default Phone App" يدويًا من إعدادات النظام — ده مش
74            بيتعمل برمجيًا، ولازم يبان بوضوح للمستخدم في الـ onboarding
75            إيه اللي هيحصل ولو محتاج.
76        -->
77        <service
77-->src/main/AndroidManifest.xml:63:9-73:19
78            android:name="com.localorderai.services.OrderInCallService"
78-->src/main/AndroidManifest.xml:64:13-56
79            android:exported="true"
79-->src/main/AndroidManifest.xml:66:13-36
80            android:permission="android.permission.BIND_INCALL_SERVICE" >
80-->src/main/AndroidManifest.xml:65:13-72
81            <meta-data
81-->src/main/AndroidManifest.xml:67:13-69:40
82                android:name="android.telecom.IN_CALL_SERVICE_UI"
82-->src/main/AndroidManifest.xml:68:17-66
83                android:value="true" />
83-->src/main/AndroidManifest.xml:69:17-37
84
85            <intent-filter>
85-->src/main/AndroidManifest.xml:70:13-72:29
86                <action android:name="android.telecom.InCallService" />
86-->src/main/AndroidManifest.xml:71:17-72
86-->src/main/AndroidManifest.xml:71:25-69
87            </intent-filter>
88        </service>
89
90        <provider
90-->src/main/AndroidManifest.xml:75:9-83:20
91            android:name="androidx.core.content.FileProvider"
91-->src/main/AndroidManifest.xml:76:13-62
92            android:authorities="com.localorderai.fileprovider"
92-->src/main/AndroidManifest.xml:77:13-64
93            android:exported="false"
93-->src/main/AndroidManifest.xml:78:13-37
94            android:grantUriPermissions="true" >
94-->src/main/AndroidManifest.xml:79:13-47
95            <meta-data
95-->src/main/AndroidManifest.xml:80:13-82:54
96                android:name="android.support.FILE_PROVIDER_PATHS"
96-->src/main/AndroidManifest.xml:81:17-67
97                android:resource="@xml/file_paths" />
97-->src/main/AndroidManifest.xml:82:17-51
98        </provider>
99        <provider
99-->[androidx.emoji2:emoji2:1.3.0] AndroidManifest.xml:24:9-32:20
100            android:name="androidx.startup.InitializationProvider"
100-->[androidx.emoji2:emoji2:1.3.0] AndroidManifest.xml:25:13-67
101            android:authorities="com.localorderai.androidx-startup"
101-->[androidx.emoji2:emoji2:1.3.0] AndroidManifest.xml:26:13-68
102            android:exported="false" >
102-->[androidx.emoji2:emoji2:1.3.0] AndroidManifest.xml:27:13-37
103            <meta-data
103-->[androidx.emoji2:emoji2:1.3.0] AndroidManifest.xml:29:13-31:52
104                android:name="androidx.emoji2.text.EmojiCompatInitializer"
104-->[androidx.emoji2:emoji2:1.3.0] AndroidManifest.xml:30:17-75
105                android:value="androidx.startup" />
105-->[androidx.emoji2:emoji2:1.3.0] AndroidManifest.xml:31:17-49
106            <meta-data
106-->[androidx.lifecycle:lifecycle-process:2.8.4] AndroidManifest.xml:29:13-31:52
107                android:name="androidx.lifecycle.ProcessLifecycleInitializer"
107-->[androidx.lifecycle:lifecycle-process:2.8.4] AndroidManifest.xml:30:17-78
108                android:value="androidx.startup" />
108-->[androidx.lifecycle:lifecycle-process:2.8.4] AndroidManifest.xml:31:17-49
109            <meta-data
109-->[androidx.profileinstaller:profileinstaller:1.3.1] AndroidManifest.xml:29:13-31:52
110                android:name="androidx.profileinstaller.ProfileInstallerInitializer"
110-->[androidx.profileinstaller:profileinstaller:1.3.1] AndroidManifest.xml:30:17-85
111                android:value="androidx.startup" />
111-->[androidx.profileinstaller:profileinstaller:1.3.1] AndroidManifest.xml:31:17-49
112        </provider>
113
114        <service
114-->[androidx.room:room-runtime:2.6.1] AndroidManifest.xml:24:9-28:63
115            android:name="androidx.room.MultiInstanceInvalidationService"
115-->[androidx.room:room-runtime:2.6.1] AndroidManifest.xml:25:13-74
116            android:directBootAware="true"
116-->[androidx.room:room-runtime:2.6.1] AndroidManifest.xml:26:13-43
117            android:exported="false" />
117-->[androidx.room:room-runtime:2.6.1] AndroidManifest.xml:27:13-37
118
119        <receiver
119-->[androidx.profileinstaller:profileinstaller:1.3.1] AndroidManifest.xml:34:9-52:20
120            android:name="androidx.profileinstaller.ProfileInstallReceiver"
120-->[androidx.profileinstaller:profileinstaller:1.3.1] AndroidManifest.xml:35:13-76
121            android:directBootAware="false"
121-->[androidx.profileinstaller:profileinstaller:1.3.1] AndroidManifest.xml:36:13-44
122            android:enabled="true"
122-->[androidx.profileinstaller:profileinstaller:1.3.1] AndroidManifest.xml:37:13-35
123            android:exported="true"
123-->[androidx.profileinstaller:profileinstaller:1.3.1] AndroidManifest.xml:38:13-36
124            android:permission="android.permission.DUMP" >
124-->[androidx.profileinstaller:profileinstaller:1.3.1] AndroidManifest.xml:39:13-57
125            <intent-filter>
125-->[androidx.profileinstaller:profileinstaller:1.3.1] AndroidManifest.xml:40:13-42:29
126                <action android:name="androidx.profileinstaller.action.INSTALL_PROFILE" />
126-->[androidx.profileinstaller:profileinstaller:1.3.1] AndroidManifest.xml:41:17-91
126-->[androidx.profileinstaller:profileinstaller:1.3.1] AndroidManifest.xml:41:25-88
127            </intent-filter>
128            <intent-filter>
128-->[androidx.profileinstaller:profileinstaller:1.3.1] AndroidManifest.xml:43:13-45:29
129                <action android:name="androidx.profileinstaller.action.SKIP_FILE" />
129-->[androidx.profileinstaller:profileinstaller:1.3.1] AndroidManifest.xml:44:17-85
129-->[androidx.profileinstaller:profileinstaller:1.3.1] AndroidManifest.xml:44:25-82
130            </intent-filter>
131            <intent-filter>
131-->[androidx.profileinstaller:profileinstaller:1.3.1] AndroidManifest.xml:46:13-48:29
132                <action android:name="androidx.profileinstaller.action.SAVE_PROFILE" />
132-->[androidx.profileinstaller:profileinstaller:1.3.1] AndroidManifest.xml:47:17-88
132-->[androidx.profileinstaller:profileinstaller:1.3.1] AndroidManifest.xml:47:25-85
133            </intent-filter>
134            <intent-filter>
134-->[androidx.profileinstaller:profileinstaller:1.3.1] AndroidManifest.xml:49:13-51:29
135                <action android:name="androidx.profileinstaller.action.BENCHMARK_OPERATION" />
135-->[androidx.profileinstaller:profileinstaller:1.3.1] AndroidManifest.xml:50:17-95
135-->[androidx.profileinstaller:profileinstaller:1.3.1] AndroidManifest.xml:50:25-92
136            </intent-filter>
137        </receiver>
138    </application>
139
140</manifest>